<?xml version="1.0" encoding="UTF-8"?>
<!-- Generated by org.testng.reporters.JUnitReportReporter -->
<testsuite hostname="THAOTRUONG-MAR" name="com.test.DemoA" tests="1" failures="0" timestamp="27 Aug 2019 09:24:51 GMT" time="5.844" errors="0">
  <testcase name="run" time="5.844" classname="com.test.DemoA"/>
</testsuite> <!-- com.test.DemoA -->
