<?xml version="1.0" encoding="UTF-8"?>
<!-- Generated by org.testng.reporters.JUnitReportReporter -->
<testsuite hostname="THAOTRUONG-MAR" name="com.test.DemoB" tests="1" failures="0" timestamp="27 Aug 2019 09:24:51 GMT" time="5.594" errors="0">
  <testcase name="run" time="5.594" classname="com.test.DemoB"/>
</testsuite> <!-- com.test.DemoB -->
