<?xml version="1.0" encoding="UTF-8"?>
<!-- Generated by org.testng.reporters.JUnitReportReporter -->
<testsuite skipped="0" hostname="THAOTRUONG-MAR" name="SimpleGetTest" tests="1" failures="0" timestamp="2019-12-11T13:54:41 ICT" time="1.720" errors="0">
  <testcase name="DisplayAllNodesInWeatherAPI" time="1.720" classname="SimpleGetTest"/>
</testsuite> <!-- SimpleGetTest -->
