<?xml version="1.0" encoding="UTF-8"?>
<!-- Generated by org.testng.reporters.JUnitReportReporter -->
<testsuite skipped="0" hostname="THAOTRUONG-MAR" name="SimpleGetTest" tests="1" failures="0" timestamp="2019-12-10T11:06:33 ICT" time="1.721" errors="0">
  <testcase name="GetWeatherDetails" time="1.721" classname="SimpleGetTest"/>
</testsuite> <!-- SimpleGetTest -->
