<?xml version="1.0" encoding="UTF-8"?>
<!-- Generated by org.testng.reporters.JUnitReportReporter -->
<testsuite skipped="0" hostname="THAOTRUONG-MAR" name="SimpleGetTest" tests="1" failures="0" timestamp="2019-12-13T13:37:15 ICT" time="1.774" errors="0">
  <testcase name="RegistrationSuccessful" time="1.774" classname="SimpleGetTest"/>
</testsuite> <!-- SimpleGetTest -->
