<?xml version="1.0" encoding="UTF-8"?>
<!-- Generated by org.testng.reporters.JUnitReportReporter -->
<testsuite hostname="THAOTRUONG-MAR" name="com.suite1.Flipkart" tests="1" failures="0" timestamp="25 Aug 2019 01:10:33 GMT" time="0.644" errors="0">
  <testcase name="checktitle" time="0.644" classname="com.suite1.Flipkart"/>
</testsuite> <!-- com.suite1.Flipkart -->
