<?xml version="1.0" encoding="UTF-8"?>
<!-- Generated by org.testng.reporters.JUnitReportReporter -->
<testsuite hostname="THAOTRUONG-MAR" name="com.suite2.SnapDeal" tests="1" failures="0" timestamp="25 Aug 2019 01:10:33 GMT" time="0.556" errors="0">
  <testcase name="checktitle" time="0.556" classname="com.suite2.SnapDeal"/>
</testsuite> <!-- com.suite2.SnapDeal -->
