<?xml version="1.0" encoding="UTF-8"?>
<!-- Generated by org.testng.reporters.JUnitReportReporter -->
<testsuite hostname="THAOTRUONG-MAR" name="test.Test99GuruLogin" tests="1" failures="0" timestamp="29 Aug 2019 00:49:58 GMT" time="1.521" errors="0">
  <testcase name="test_Home_Page_Appear_Correct" time="1.521" classname="test.Test99GuruLogin"/>
</testsuite> <!-- test.Test99GuruLogin -->
